<?xml version="1.0" encoding="UTF-8"?>
<!-- Generated by org.testng.reporters.JUnitReportReporter -->
<testsuite hostname="NODE222" name="com.composeMail" tests="1" failures="0" timestamp="15 Aug 2016 06:24:52 GMT" time="42.541" errors="0">
  <testcase name="loginGmail" time="42.541" classname="com.composeMail"/>
</testsuite> <!-- com.composeMail -->
