<?xml version="1.0" encoding="UTF-8"?>
<!-- Generated by org.testng.reporters.JUnitReportReporter -->
<testsuite hostname="NODE222" name="com.AddItemToCart" tests="1" failures="0" timestamp="21 Aug 2016 17:29:53 GMT" time="40.216" errors="0">
  <testcase name="addItemToBag" time="40.216" classname="com.AddItemToCart"/>
</testsuite> <!-- com.AddItemToCart -->
